<?xml version="1.0" encoding="UTF-8"?>
<coverage generated="1629517129256" clover="3.2.0">
  <project timestamp="1629517129256" name="All files">
    <metrics statements="44" coveredstatements="44" conditionals="15" coveredconditionals="15" methods="8" coveredmethods="8" elements="67" coveredelements="67" complexity="0" loc="44" ncloc="44" packages="3" files="3" classes="3"/>
    <package name="permutations">
      <metrics statements="13" coveredstatements="13" conditionals="3" coveredconditionals="3" methods="3" coveredmethods="3"/>
      <file name="optimize.js" path="/Users/rayjune/Documents/GitHub/offer/src/permutations/optimize.js">
        <metrics statements="13" coveredstatements="13" conditionals="3" coveredconditionals="3" methods="3" coveredmethods="3"/>
        <line num="20" count="6" type="stmt"/>
        <line num="21" count="6" type="stmt"/>
        <line num="22" count="6" type="cond" truecount="1" falsecount="0"/>
        <line num="23" count="66" type="cond" truecount="2" falsecount="0"/>
        <line num="24" count="39" type="stmt"/>
        <line num="26" count="27" type="stmt"/>
        <line num="27" count="60" type="stmt"/>
        <line num="28" count="60" type="stmt"/>
        <line num="29" count="60" type="stmt"/>
        <line num="34" count="6" type="stmt"/>
        <line num="36" count="6" type="stmt"/>
        <line num="46" count="120" type="stmt"/>
        <line num="49" count="1" type="stmt"/>
      </file>
    </package>
    <package name="permute">
      <metrics statements="13" coveredstatements="13" conditionals="3" coveredconditionals="3" methods="3" coveredmethods="3"/>
      <file name="optimize.js" path="/Users/rayjune/Documents/GitHub/offer/src/permute/optimize.js">
        <metrics statements="13" coveredstatements="13" conditionals="3" coveredconditionals="3" methods="3" coveredmethods="3"/>
        <line num="35" count="4" type="stmt"/>
        <line num="36" count="4" type="stmt"/>
        <line num="37" count="4" type="cond" truecount="1" falsecount="0"/>
        <line num="38" count="17" type="cond" truecount="2" falsecount="0"/>
        <line num="39" count="11" type="stmt"/>
        <line num="41" count="6" type="stmt"/>
        <line num="42" count="13" type="stmt"/>
        <line num="43" count="13" type="stmt"/>
        <line num="44" count="13" type="stmt"/>
        <line num="49" count="4" type="stmt"/>
        <line num="51" count="4" type="stmt"/>
        <line num="61" count="26" type="stmt"/>
        <line num="64" count="1" type="stmt"/>
      </file>
    </package>
    <package name="permute-unique">
      <metrics statements="18" coveredstatements="18" conditionals="9" coveredconditionals="9" methods="2" coveredmethods="2"/>
      <file name="optimize.js" path="/Users/rayjune/Documents/GitHub/offer/src/permute-unique/optimize.js">
        <metrics statements="18" coveredstatements="18" conditionals="9" coveredconditionals="9" methods="2" coveredmethods="2"/>
        <line num="29" count="7" type="stmt"/>
        <line num="30" count="7" type="stmt"/>
        <line num="31" count="7" type="stmt"/>
        <line num="32" count="7" type="cond" truecount="1" falsecount="0"/>
        <line num="33" count="124" type="cond" truecount="2" falsecount="0"/>
        <line num="34" count="41" type="stmt"/>
        <line num="36" count="83" type="stmt"/>
        <line num="37" count="345" type="cond" truecount="6" falsecount="0"/>
        <line num="38" count="228" type="stmt"/>
        <line num="40" count="117" type="stmt"/>
        <line num="41" count="117" type="stmt"/>
        <line num="42" count="117" type="stmt"/>
        <line num="43" count="117" type="stmt"/>
        <line num="44" count="117" type="stmt"/>
        <line num="49" count="7" type="stmt"/>
        <line num="50" count="7" type="stmt"/>
        <line num="52" count="7" type="stmt"/>
        <line num="55" count="1" type="stmt"/>
      </file>
    </package>
  </project>
</coverage>
