{"/Users/rayjune/Documents/GitHub/offer/src/combination-sum/index.js": {"path":"/Users/rayjune/Documents/GitHub/offer/src/combination-sum/index.js","statementMap":{"0":{"start":{"line":53,"column":25},"end":{"line":53,"column":27}},"1":{"start":{"line":54,"column":16},"end":{"line":54,"column":33}},"2":{"start":{"line":55,"column":22},"end":{"line":72,"column":5}},"3":{"start":{"line":56,"column":8},"end":{"line":58,"column":9}},"4":{"start":{"line":57,"column":12},"end":{"line":57,"column":19}},"5":{"start":{"line":60,"column":32},"end":{"line":60,"column":61}},"6":{"start":{"line":62,"column":8},"end":{"line":71,"column":9}},"7":{"start":{"line":63,"column":12},"end":{"line":63,"column":51}},"8":{"start":{"line":64,"column":12},"end":{"line":64,"column":62}},"9":{"start":{"line":65,"column":12},"end":{"line":65,"column":37}},"10":{"start":{"line":66,"column":12},"end":{"line":66,"column":64}},"11":{"start":{"line":67,"column":15},"end":{"line":71,"column":9}},"12":{"start":{"line":68,"column":12},"end":{"line":68,"column":51}},"13":{"start":{"line":69,"column":12},"end":{"line":69,"column":58}},"14":{"start":{"line":70,"column":12},"end":{"line":70,"column":37}},"15":{"start":{"line":74,"column":4},"end":{"line":74,"column":37}},"16":{"start":{"line":74,"column":30},"end":{"line":74,"column":35}},"17":{"start":{"line":75,"column":4},"end":{"line":75,"column":22}},"18":{"start":{"line":77,"column":4},"end":{"line":77,"column":24}},"19":{"start":{"line":80,"column":0},"end":{"line":80,"column":32}}},"fnMap":{"0":{"name":"combinationSum","decl":{"start":{"line":52,"column":9},"end":{"line":52,"column":23}},"loc":{"start":{"line":52,"column":44},"end":{"line":78,"column":1}},"line":52},"1":{"name":"(anonymous_1)","decl":{"start":{"line":55,"column":22},"end":{"line":55,"column":23}},"loc":{"start":{"line":55,"column":73},"end":{"line":72,"column":5}},"line":55},"2":{"name":"(anonymous_2)","decl":{"start":{"line":74,"column":20},"end":{"line":74,"column":21}},"loc":{"start":{"line":74,"column":30},"end":{"line":74,"column":35}},"line":74}},"branchMap":{"0":{"loc":{"start":{"line":55,"column":38},"end":{"line":55,"column":61}},"type":"default-arg","locations":[{"start":{"line":55,"column":59},"end":{"line":55,"column":61}}],"line":55},"1":{"loc":{"start":{"line":55,"column":63},"end":{"line":55,"column":68}},"type":"default-arg","locations":[{"start":{"line":55,"column":67},"end":{"line":55,"column":68}}],"line":55},"2":{"loc":{"start":{"line":56,"column":8},"end":{"line":58,"column":9}},"type":"if","locations":[{"start":{"line":56,"column":8},"end":{"line":58,"column":9}},{"start":{"line":56,"column":8},"end":{"line":58,"column":9}}],"line":56},"3":{"loc":{"start":{"line":62,"column":8},"end":{"line":71,"column":9}},"type":"if","locations":[{"start":{"line":62,"column":8},"end":{"line":71,"column":9}},{"start":{"line":62,"column":8},"end":{"line":71,"column":9}}],"line":62},"4":{"loc":{"start":{"line":67,"column":15},"end":{"line":71,"column":9}},"type":"if","locations":[{"start":{"line":67,"column":15},"end":{"line":71,"column":9}},{"start":{"line":67,"column":15},"end":{"line":71,"column":9}}],"line":67}},"s":{"0":6,"1":6,"2":6,"3":144,"4":4,"5":140,"6":140,"7":69,"8":69,"9":69,"10":69,"11":71,"12":22,"13":22,"14":22,"15":6,"16":26,"17":6,"18":6,"19":1},"f":{"0":6,"1":144,"2":26},"b":{"0":[6],"1":[6],"2":[4,140],"3":[69,71],"4":[22,49]},"_coverageSchema":"1a1c01bbd47fc00a2c39e90264f33305004495a9","hash":"f4f82e4c5e0bf3fb5578e6a5200a4100e347be2f"}
}
