{"/Users/rayjune/Documents/GitHub/offer/src/combination-sum-2/index.js": {"path":"/Users/rayjune/Documents/GitHub/offer/src/combination-sum-2/index.js","statementMap":{"0":{"start":{"line":36,"column":25},"end":{"line":36,"column":27}},"1":{"start":{"line":37,"column":16},"end":{"line":37,"column":33}},"2":{"start":{"line":38,"column":18},"end":{"line":38,"column":32}},"3":{"start":{"line":39,"column":22},"end":{"line":65,"column":5}},"4":{"start":{"line":40,"column":8},"end":{"line":42,"column":9}},"5":{"start":{"line":41,"column":12},"end":{"line":41,"column":19}},"6":{"start":{"line":43,"column":8},"end":{"line":64,"column":9}},"7":{"start":{"line":43,"column":21},"end":{"line":43,"column":22}},"8":{"start":{"line":44,"column":12},"end":{"line":46,"column":13}},"9":{"start":{"line":45,"column":16},"end":{"line":45,"column":25}},"10":{"start":{"line":48,"column":36},"end":{"line":48,"column":65}},"11":{"start":{"line":50,"column":12},"end":{"line":63,"column":13}},"12":{"start":{"line":51,"column":16},"end":{"line":51,"column":32}},"13":{"start":{"line":52,"column":16},"end":{"line":52,"column":55}},"14":{"start":{"line":53,"column":16},"end":{"line":53,"column":70}},"15":{"start":{"line":54,"column":16},"end":{"line":54,"column":33}},"16":{"start":{"line":55,"column":16},"end":{"line":55,"column":41}},"17":{"start":{"line":56,"column":19},"end":{"line":63,"column":13}},"18":{"start":{"line":57,"column":16},"end":{"line":57,"column":55}},"19":{"start":{"line":58,"column":16},"end":{"line":58,"column":62}},"20":{"start":{"line":59,"column":16},"end":{"line":59,"column":41}},"21":{"start":{"line":60,"column":16},"end":{"line":60,"column":22}},"22":{"start":{"line":62,"column":16},"end":{"line":62,"column":22}},"23":{"start":{"line":67,"column":4},"end":{"line":67,"column":37}},"24":{"start":{"line":67,"column":30},"end":{"line":67,"column":35}},"25":{"start":{"line":68,"column":4},"end":{"line":68,"column":22}},"26":{"start":{"line":70,"column":4},"end":{"line":70,"column":24}},"27":{"start":{"line":73,"column":0},"end":{"line":73,"column":39}},"28":{"start":{"line":75,"column":0},"end":{"line":75,"column":33}}},"fnMap":{"0":{"name":"combinationSum2","decl":{"start":{"line":35,"column":9},"end":{"line":35,"column":24}},"loc":{"start":{"line":35,"column":45},"end":{"line":71,"column":1}},"line":35},"1":{"name":"(anonymous_1)","decl":{"start":{"line":39,"column":22},"end":{"line":39,"column":23}},"loc":{"start":{"line":39,"column":73},"end":{"line":65,"column":5}},"line":39},"2":{"name":"(anonymous_2)","decl":{"start":{"line":67,"column":20},"end":{"line":67,"column":21}},"loc":{"start":{"line":67,"column":30},"end":{"line":67,"column":35}},"line":67}},"branchMap":{"0":{"loc":{"start":{"line":39,"column":38},"end":{"line":39,"column":61}},"type":"default-arg","locations":[{"start":{"line":39,"column":59},"end":{"line":39,"column":61}}],"line":39},"1":{"loc":{"start":{"line":39,"column":63},"end":{"line":39,"column":68}},"type":"default-arg","locations":[{"start":{"line":39,"column":67},"end":{"line":39,"column":68}}],"line":39},"2":{"loc":{"start":{"line":40,"column":8},"end":{"line":42,"column":9}},"type":"if","locations":[{"start":{"line":40,"column":8},"end":{"line":42,"column":9}},{"start":{"line":40,"column":8},"end":{"line":42,"column":9}}],"line":40},"3":{"loc":{"start":{"line":44,"column":12},"end":{"line":46,"column":13}},"type":"if","locations":[{"start":{"line":44,"column":12},"end":{"line":46,"column":13}},{"start":{"line":44,"column":12},"end":{"line":46,"column":13}}],"line":44},"4":{"loc":{"start":{"line":44,"column":16},"end":{"line":44,"column":91}},"type":"binary-expr","locations":[{"start":{"line":44,"column":16},"end":{"line":44,"column":24}},{"start":{"line":44,"column":29},"end":{"line":44,"column":34}},{"start":{"line":44,"column":38},"end":{"line":44,"column":73}},{"start":{"line":44,"column":78},"end":{"line":44,"column":91}}],"line":44},"5":{"loc":{"start":{"line":50,"column":12},"end":{"line":63,"column":13}},"type":"if","locations":[{"start":{"line":50,"column":12},"end":{"line":63,"column":13}},{"start":{"line":50,"column":12},"end":{"line":63,"column":13}}],"line":50},"6":{"loc":{"start":{"line":56,"column":19},"end":{"line":63,"column":13}},"type":"if","locations":[{"start":{"line":56,"column":19},"end":{"line":63,"column":13}},{"start":{"line":56,"column":19},"end":{"line":63,"column":13}}],"line":56}},"s":{"0":6,"1":6,"2":6,"3":6,"4":78,"5":15,"6":63,"7":63,"8":187,"9":67,"10":120,"11":120,"12":72,"13":72,"14":72,"15":72,"16":72,"17":48,"18":19,"19":19,"20":19,"21":19,"22":29,"23":6,"24":63,"25":6,"26":6,"27":1,"28":1},"f":{"0":6,"1":78,"2":63},"b":{"0":[6],"1":[6],"2":[15,63],"3":[67,120],"4":[187,187,181,96],"5":[72,48],"6":[19,29]},"_coverageSchema":"1a1c01bbd47fc00a2c39e90264f33305004495a9","hash":"5819b38321a28548c41ac3b572a6c2bcf421773d"}
}
