TN:
SF:src/combination-sum-2/index.js
FN:35,combinationSum2
FN:39,(anonymous_1)
FN:67,(anonymous_2)
FNF:3
FNH:3
FNDA:6,combinationSum2
FNDA:78,(anonymous_1)
FNDA:63,(anonymous_2)
DA:36,6
DA:37,6
DA:38,6
DA:39,6
DA:40,78
DA:41,15
DA:43,63
DA:44,187
DA:45,67
DA:48,120
DA:50,120
DA:51,72
DA:52,72
DA:53,72
DA:54,72
DA:55,72
DA:56,48
DA:57,19
DA:58,19
DA:59,19
DA:60,19
DA:62,29
DA:67,63
DA:68,6
DA:70,6
DA:73,1
DA:75,1
LF:27
LH:27
BRDA:39,0,0,6
BRDA:39,1,0,6
BRDA:40,2,0,15
BRDA:40,2,1,63
BRDA:44,3,0,67
BRDA:44,3,1,120
BRDA:44,4,0,187
BRDA:44,4,1,187
BRDA:44,4,2,181
BRDA:44,4,3,96
BRDA:50,5,0,72
BRDA:50,5,1,48
BRDA:56,6,0,19
BRDA:56,6,1,29
BRF:14
BRH:14
end_of_record
