TN:
SF:src/permutations/optimize.js
FN:19,getPermutations
FN:22,(anonymous_1)
FN:45,swap
FNF:3
FNH:3
FNDA:6,getPermutations
FNDA:66,(anonymous_1)
FNDA:120,swap
DA:20,6
DA:21,6
DA:22,6
DA:23,66
DA:24,39
DA:26,27
DA:27,60
DA:28,60
DA:29,60
DA:34,6
DA:36,6
DA:46,120
DA:49,1
LF:13
LH:13
BRDA:22,0,0,6
BRDA:23,1,0,39
BRDA:23,1,1,27
BRF:3
BRH:3
end_of_record
TN:
SF:src/permute/optimize.js
FN:34,permute
FN:37,(anonymous_1)
FN:60,swap
FNF:3
FNH:3
FNDA:4,permute
FNDA:17,(anonymous_1)
FNDA:26,swap
DA:35,4
DA:36,4
DA:37,4
DA:38,17
DA:39,11
DA:41,6
DA:42,13
DA:43,13
DA:44,13
DA:49,4
DA:51,4
DA:61,26
DA:64,1
LF:13
LH:13
BRDA:37,0,0,4
BRDA:38,1,0,11
BRDA:38,1,1,6
BRF:3
BRH:3
end_of_record
TN:
SF:src/permute-unique/optimize.js
FN:28,permuteUnique
FN:32,(anonymous_1)
FNF:2
FNH:2
FNDA:7,permuteUnique
FNDA:124,(anonymous_1)
DA:29,7
DA:30,7
DA:31,7
DA:32,7
DA:33,124
DA:34,41
DA:36,83
DA:37,345
DA:38,228
DA:40,117
DA:41,117
DA:42,117
DA:43,117
DA:44,117
DA:49,7
DA:50,7
DA:52,7
DA:55,1
LF:18
LH:18
BRDA:32,0,0,7
BRDA:33,1,0,41
BRDA:33,1,1,83
BRDA:37,2,0,228
BRDA:37,2,1,117
BRDA:37,3,0,345
BRDA:37,3,1,148
BRDA:37,3,2,128
BRDA:37,3,3,79
BRF:9
BRH:9
end_of_record
